<?xml version="1.0" encoding="UTF-8"?>
<!-- Generated by org.testng.reporters.JUnitXMLReporter -->
<testsuite ignored="0" hostname="LAPTOP-CIB1RGQG" failures="1" tests="2" name="Application for suite listner2" time="0.013" errors="0" timestamp="09 Feb 2019 12:30:01 GMT">
  <testcase classname="PractiseForTestNg.TestForSuiteListeners2" name="testMethod1" time="0.003">
    <failure type="java.lang.AssertionError" message="expected [true] but found [false]">
      <![CDATA[java.lang.AssertionError: expected [true] but found [false]
at PractiseForTestNg.TestForSuiteListeners2.testMethod1(TestForSuiteListeners2.java:22)
... Removed 29 stack frames]]>
    </failure>
  </testcase> <!-- testMethod1 -->
  <testcase classname="PractiseForTestNg.TestForSuiteListeners2" name="testMethod2" time="0.002"/>
</testsuite> <!-- Application for suite listner2 -->
