<?xml version="1.0" encoding="UTF-8"?>
<!-- Generated by org.testng.reporters.JUnitXMLReporter -->
<testsuite ignored="0" hostname="LAPTOP-CIB1RGQG" failures="1" tests="2" name="Application for test listner1" time="0.051" errors="0" timestamp="09 Feb 2019 12:30:01 GMT">
  <testcase classname="PractiseForTestNg.TestForSuiteListeners1" name="testMethod1" time="0.009">
    <failure type="java.lang.AssertionError" message="expected [true] but found [false]">
      <![CDATA[java.lang.AssertionError: expected [true] but found [false]
at PractiseForTestNg.TestForSuiteListeners1.testMethod1(TestForSuiteListeners1.java:22)
... Removed 29 stack frames]]>
    </failure>
  </testcase> <!-- testMethod1 -->
  <testcase classname="PractiseForTestNg.TestForSuiteListeners1" name="testMethod2" time="0.001"/>
</testsuite> <!-- Application for test listner1 -->
