<?xml version="1.0" encoding="UTF-8"?>
<!-- Generated by org.testng.reporters.JUnitXMLReporter -->
<testsuite ignored="0" hostname="LAPTOP-CIB1RGQG" failures="1" tests="2" name="Custom Listner" time="0.059" errors="0" timestamp="09 Feb 2019 02:20:45 GMT">
  <testcase classname="TestNGTest.TestNg_ITestResultListners1" name="testMethod1" time="0.01">
    <failure type="java.lang.AssertionError" message="expected [true] but found [false]">
      <![CDATA[java.lang.AssertionError: expected [true] but found [false]
at TestNGTest.TestNg_ITestResultListners1.testMethod1(TestNg_ITestResultListners1.java:23)
... Removed 29 stack frames]]>
    </failure>
  </testcase> <!-- testMethod1 -->
  <testcase classname="TestNGTest.TestNg_ITestResultListners1" name="testMethod2" time="0.003"/>
</testsuite> <!-- Custom Listner -->
