<?xml version="1.0" encoding="UTF-8"?>
<!-- Generated by org.testng.reporters.JUnitXMLReporter -->
<testsuite ignored="0" hostname="LAPTOP-CIB1RGQG" failures="1" tests="2" name="Application Listner Test 2" time="0.015" errors="0" timestamp="10 Feb 2019 17:59:59 GMT">
  <testcase classname="TestNGTest.TestNg_ITestResultListners2" name="testMethod1" time="0.003">
    <failure type="java.lang.AssertionError" message="expected [true] but found [false]">
      <![CDATA[java.lang.AssertionError: expected [true] but found [false]
at TestNGTest.TestNg_ITestResultListners2.testMethod1(TestNg_ITestResultListners2.java:24)
... Removed 29 stack frames]]>
    </failure>
  </testcase> <!-- testMethod1 -->
  <testcase classname="TestNGTest.TestNg_ITestResultListners2" name="testMethod2" time="0.003"/>
</testsuite> <!-- Application Listner Test 2 -->
