<?xml version="1.0" encoding="UTF-8"?>
<!-- Generated by org.testng.reporters.JUnitXMLReporter -->
<testsuite ignored="0" hostname="LAPTOP-CIB1RGQG" failures="1" tests="2" name="Application Listner Test 1" time="0.06" errors="0" timestamp="10 Feb 2019 17:59:59 GMT">
  <testcase classname="TestNGTest.TestNg_ITestResultListners1" name="testMethod1" time="0.012">
    <failure type="java.lang.AssertionError" message="expected [true] but found [false]">
      <![CDATA[java.lang.AssertionError: expected [true] but found [false]
at TestNGTest.TestNg_ITestResultListners1.testMethod1(TestNg_ITestResultListners1.java:23)
... Removed 29 stack frames]]>
    </failure>
  </testcase> <!-- testMethod1 -->
  <testcase classname="TestNGTest.TestNg_ITestResultListners1" name="testMethod2" time="0.002"/>
</testsuite> <!-- Application Listner Test 1 -->
