<?xml version="1.0" encoding="UTF-8"?>
<!-- Generated by org.testng.reporters.JUnitXMLReporter -->
<testsuite ignored="2" hostname="LAPTOP-CIB1RGQG" failures="0" tests="2" name="Grouping test" time="0.04" errors="0" timestamp="17 Jan 2019 17:34:43 GMT">
  <testcase classname="PractiseForTestNg.TestForGrouping" name="audiQ7" time="0.01"/>
  <testcase classname="PractiseForTestNg.TestForGrouping" name="audia8" time="0.002"/>
  <testcase classname="PractiseForTestNg.TestForGrouping" name="bmwx6" time="0.0">
    <ignored/>
  </testcase> <!-- bmwx6 -->
  <testcase classname="PractiseForTestNg.TestForGrouping" name="bmw328i" time="0.0">
    <ignored/>
  </testcase> <!-- bmw328i -->
</testsuite> <!-- Grouping test -->
