<?xml version="1.0" encoding="UTF-8"?>
<!-- Generated by org.testng.reporters.JUnitXMLReporter -->
<testsuite ignored="0" hostname="LAPTOP-CIB1RGQG" failures="1" tests="3" name="Reports and logs test" time="0.069" errors="0" timestamp="10 Feb 2019 18:24:19 GMT">
  <testcase classname="TestNGTest.TestNg_ReportsAndLogs" name="testMethod2" time="0.008">
    <failure type="java.lang.AssertionError" message="expected [true] but found [false]">
      <![CDATA[java.lang.AssertionError: expected [true] but found [false]
at TestNGTest.TestNg_ReportsAndLogs.testMethod2(TestNg_ReportsAndLogs.java:32)
... Removed 29 stack frames]]>
    </failure>
  </testcase> <!-- testMethod2 -->
  <testcase classname="TestNGTest.TestNg_ReportsAndLogs" name="testMethod1" time="0.002"/>
  <testcase classname="TestNGTest.TestNg_ReportsAndLogs" name="testMethod3" time="0.0">
    <skipped/>
  </testcase> <!-- testMethod3 -->
</testsuite> <!-- Reports and logs test -->
