<?xml version="1.0" encoding="UTF-8"?>
<!-- Generated by org.testng.reporters.JUnitXMLReporter -->
<testsuite ignored="0" hostname="LAPTOP-CIB1RGQG" failures="0" tests="6" name="test2" time="0.033" errors="0" timestamp="17 Jan 2019 16:33:54 GMT">
  <testcase classname="TestNGTest.TestNg_preserve1" name="TestMethod1" time="0.002"/>
  <testcase classname="TestNGTest.TestNg_preserve1" name="TestMethod2" time="0.004"/>
  <testcase classname="TestNGTest.TestNg_preserve1" name="TestMethod3" time="0.001"/>
  <testcase classname="TestNGTest.TestNg_preserve2" name="TestMethod1" time="0.003"/>
  <testcase classname="TestNGTest.TestNg_preserve2" name="TestMethod2" time="0.002"/>
  <testcase classname="TestNGTest.TestNg_preserve2" name="TestMethod3" time="0.001"/>
</testsuite> <!-- test2 -->
